0 info it worked if it ends with ok
1 verbose cli [ '/usr/local/nodejs/bin/node',
1 verbose cli   '/usr/local/nodejs/bin/npm',
1 verbose cli   'run',
1 verbose cli   'db-seed' ]
2 info using npm@3.7.3
3 info using node@v5.8.0
4 verbose run-script [ 'predb-seed', 'db-seed', 'postdb-seed' ]
5 info lifecycle server@0.1.0~predb-seed: server@0.1.0
6 silly lifecycle server@0.1.0~predb-seed: no script for predb-seed, continuing
7 info lifecycle server@0.1.0~db-seed: server@0.1.0
8 verbose lifecycle server@0.1.0~db-seed: unsafe-perm in lifecycle true
9 verbose lifecycle server@0.1.0~db-seed: PATH: /usr/local/nodejs/lib/node_modules/npm/bin/node-gyp-bin:/home/zzy/public/SZMG/MG-Server/node_modules/.bin:/usr/local/nodejs/bin:/home/zzy/bin:.:/home/zzy/source/scala-2.11.8/bin:/usr/local/node-v5.4.1-linux-x64/bin:/usr/local/sbin:/usr/local/bin:/usr/sbin:/usr/bin:/sbin:/bin:/usr/games:/usr/local/games:/home/zzy/public/go/bin:/usr/lib/jvm/java-8-oracle/bin:/usr/lib/jvm/java-8-oracle/db/bin:/usr/lib/jvm/java-8-oracle/jre/bin:/home/zzy/public/go/bin:/usr/lib/go/pkg/tool:/usr/local/nodejs/bin
10 verbose lifecycle server@0.1.0~db-seed: CWD: /home/zzy/public/SZMG/MG-Server
11 silly lifecycle server@0.1.0~db-seed: Args: [ '-c', 'sequelize db:seed:all' ]
12 silly lifecycle server@0.1.0~db-seed: Returned: code: 1  signal: null
13 info lifecycle server@0.1.0~db-seed: Failed to exec db-seed script
14 verbose stack Error: server@0.1.0 db-seed: `sequelize db:seed:all`
14 verbose stack Exit status 1
14 verbose stack     at EventEmitter.<anonymous> (/usr/local/nodejs/lib/node_modules/npm/lib/utils/lifecycle.js:239:16)
14 verbose stack     at emitTwo (events.js:100:13)
14 verbose stack     at EventEmitter.emit (events.js:185:7)
14 verbose stack     at ChildProcess.<anonymous> (/usr/local/nodejs/lib/node_modules/npm/lib/utils/spawn.js:24:14)
14 verbose stack     at emitTwo (events.js:100:13)
14 verbose stack     at ChildProcess.emit (events.js:185:7)
14 verbose stack     at maybeClose (internal/child_process.js:850:16)
14 verbose stack     at Process.ChildProcess._handle.onexit (internal/child_process.js:215:5)
15 verbose pkgid server@0.1.0
16 verbose cwd /home/zzy/public/SZMG/MG-Server
17 error Linux 3.19.0-65-generic
18 error argv "/usr/local/nodejs/bin/node" "/usr/local/nodejs/bin/npm" "run" "db-seed"
19 error node v5.8.0
20 error npm  v3.7.3
21 error code ELIFECYCLE
22 error server@0.1.0 db-seed: `sequelize db:seed:all`
22 error Exit status 1
23 error Failed at the server@0.1.0 db-seed script 'sequelize db:seed:all'.
23 error Make sure you have the latest version of node.js and npm installed.
23 error If you do, this is most likely a problem with the server package,
23 error not with npm itself.
23 error Tell the author that this fails on your system:
23 error     sequelize db:seed:all
23 error You can get information on how to open an issue for this project with:
23 error     npm bugs server
23 error Or if that isn't available, you can get their info via:
23 error     npm owner ls server
23 error There is likely additional logging output above.
24 verbose exit [ 1, true ]
